\BOOKMARK [0][-]{chapter.1}{\376\377\000I\000n\000t\000r\000o\000d\000u\000c\000t\000i\000o\000n}{}% 1
\BOOKMARK [1][-]{section.1.1}{\376\377\000M\000o\000t\000i\000v\000a\000t\000i\000o\000n\000\040\000f\000o\000r\000\040\000T\000w\000i\000s\000t\000e\000d\000\040\000v\000a\000n\000\040\000d\000e\000r\000\040\000W\000a\000a\000l\000s\000\040\000M\000a\000t\000e\000r\000i\000a\000l\000s}{chapter.1}% 2
\BOOKMARK [2][-]{subsection.1.1.1}{\376\377\000O\000n\000\040\000D\000i\000m\000e\000n\000s\000i\000o\000n\000a\000l\000i\000t\000y}{section.1.1}% 3
\BOOKMARK [2][-]{subsection.1.1.2}{\376\377\000O\000n\000\040\000M\000o\000i\000r\000\351\000\040\000P\000h\000y\000s\000i\000c\000s}{section.1.1}% 4
\BOOKMARK [2][-]{subsection.1.1.3}{\376\377\000A\000s\000\040\000a\000\040\000N\000e\000w\000\040\000E\000x\000p\000e\000r\000i\000m\000e\000n\000t\000a\000l\000\040\000K\000n\000o\000b}{section.1.1}% 5
\BOOKMARK [2][-]{subsection.1.1.4}{\376\377\000A\000s\000\040\000a\000\040\000P\000l\000a\000t\000f\000o\000r\000m\000\040\000f\000o\000r\000\040\000Q\000u\000a\000n\000t\000u\000m\000\040\000S\000i\000m\000u\000l\000a\000t\000i\000o\000n\000s}{section.1.1}% 6
\BOOKMARK [1][-]{section.1.2}{\376\377\000S\000t\000r\000u\000c\000t\000u\000r\000e\000\040\000o\000f\000\040\000t\000h\000e\000\040\000T\000h\000e\000s\000i\000s}{chapter.1}% 7
\BOOKMARK [0][-]{chapter.2}{\376\377\000B\000a\000c\000k\000g\000r\000o\000u\000n\000d}{}% 8
\BOOKMARK [1][-]{section.2.1}{\376\377\000T\000w\000i\000s\000t\000e\000d\000\040\000M\000o\000i\000r\000\351\000\040\000P\000h\000y\000s\000i\000c\000s}{chapter.2}% 9
\BOOKMARK [2][-]{subsection.2.1.1}{\376\377\000T\000r\000a\000n\000s\000i\000t\000i\000o\000n\000\040\000M\000e\000t\000a\000l\000\040\000D\000i\000c\000h\000a\000l\000c\000o\000g\000e\000n\000i\000d\000e\000s}{section.2.1}% 10
\BOOKMARK [2][-]{subsection.2.1.2}{\376\377\000M\000o\000i\000r\000\351\000\040\000C\000o\000n\000t\000i\000n\000u\000u\000m\000\040\000H\000a\000m\000i\000l\000t\000o\000n\000i\000a\000n}{section.2.1}% 11
\BOOKMARK [1][-]{section.2.2}{\376\377\000F\000r\000a\000c\000t\000i\000o\000n\000a\000l\000\040\000Q\000u\000a\000n\000t\000u\000m\000\040\000H\000a\000l\000l\000\040\000E\000f\000f\000e\000c\000t}{chapter.2}% 12
\BOOKMARK [2][-]{subsection.2.2.1}{\376\377\000J\000a\000i\000n\000'\000s\000\040\000C\000o\000m\000p\000o\000s\000i\000t\000e\000\040\000F\000e\000r\000m\000i\000o\000n}{section.2.2}% 13
\BOOKMARK [2][-]{subsection.2.2.2}{\376\377\000M\000u\000r\000t\000h\000y\000-\000S\000h\000a\000n\000k\000a\000r\000'\000s\000\040\000A\000l\000g\000e\000b\000r\000a\000i\000c\000\040\000D\000e\000s\000c\000r\000i\000p\000t\000i\000o\000n\000\040\000o\000f\000\040\000C\000o\000m\000p\000o\000s\000i\000t\000e\000\040\000F\000e\000r\000m\000i\000o\000n}{section.2.2}% 14
\BOOKMARK [2][-]{subsection.2.2.3}{\376\377\000R\000e\000m\000a\000r\000k\000s\000\040\000o\000f\000\040\000F\000C\000I}{section.2.2}% 15
\BOOKMARK [0][-]{chapter.3}{\376\377\000P\000r\000o\000j\000e\000c\000t\000i\000v\000e\000\040\000C\000o\000n\000s\000t\000r\000u\000c\000t\000i\000o\000n\000\040\000o\000f\000\040\000C\000o\000m\000p\000o\000s\000i\000t\000e\000\040\000F\000e\000r\000m\000i\000o\000n\000\040\000S\000t\000a\000t\000e\000s\000\040\000i\000n\000\040\000F\000r\000a\000c\000t\000i\000o\000n\000a\000l\000\040\000C\000h\000e\000r\000n\000\040\000I\000n\000s\000u\000l\000a\000t\000o\000r\000s}{}% 16
\BOOKMARK [1][-]{section.3.1}{\376\377\000I\000n\000t\000r\000o\000d\000u\000c\000t\000i\000o\000n}{chapter.3}% 17
\BOOKMARK [1][-]{section.3.2}{\376\377\000A\000\040\000b\000r\000i\000e\000f\000\040\000r\000e\000v\000i\000e\000w\000\040\000o\000f\000\040\000r\000e\000l\000a\000t\000e\000d\000\040\000p\000r\000e\000v\000i\000o\000u\000s\000\040\000w\000o\000r\000k\000s}{chapter.3}% 18
\BOOKMARK [2][-]{subsection.3.2.1}{\376\377\000J\000a\000i\000n\000'\000s\000\040\000c\000o\000m\000p\000o\000s\000i\000t\000e\000-\000f\000e\000r\000m\000i\000o\000n\000\040\000c\000o\000n\000s\000t\000r\000u\000c\000t\000i\000o\000n}{section.3.2}% 19
\BOOKMARK [2][-]{subsection.3.2.2}{\376\377\000M\000u\000r\000t\000h\000y\000-\000S\000h\000a\000n\000k\000a\000r\000'\000s\000\040\000H\000a\000m\000i\000l\000t\000o\000n\000i\000a\000n\000\040\000t\000h\000e\000o\000r\000y}{section.3.2}% 20
\BOOKMARK [2][-]{subsection.3.2.3}{\376\377\000P\000a\000s\000q\000u\000i\000e\000r\000-\000H\000a\000l\000d\000a\000n\000e\000-\000R\000e\000a\000d\000\040\000c\000o\000n\000s\000t\000r\000u\000c\000t\000i\000o\000n\000\040\000f\000o\000r\000\040\000t\000h\000e\000\040\000b\000o\000s\000o\000n\000i\000c\000\040\000=\0001\000\040\000c\000o\000m\000p\000o\000s\000i\000t\000e\000\040\000f\000e\000r\000m\000i\000o\000n\000\040\000l\000i\000q\000u\000i\000d}{section.3.2}% 21
\BOOKMARK [1][-]{section.3.3}{\376\377\000T\000h\000e\000\040\000p\000r\000o\000j\000e\000c\000t\000i\000v\000e\000\040\000c\000o\000n\000s\000t\000r\000u\000c\000t\000i\000o\000n\000\040\000o\000n\000\040\000a\000\040\000f\000i\000n\000i\000t\000e\000-\000s\000i\000z\000e\000\040\000s\000y\000s\000t\000e\000m}{chapter.3}% 22
\BOOKMARK [2][-]{subsection.3.3.1}{\376\377\000M\000a\000p\000p\000i\000n\000g\000\040\000a\000\040\000C\000h\000e\000r\000n\000\040\000b\000a\000n\000d\000\040\000t\000o\000\040\000t\000h\000e\000\040\000l\000o\000w\000e\000s\000t\000\040\000L\000a\000n\000d\000a\000u\000\040\000l\000e\000v\000e\000l}{section.3.3}% 23
\BOOKMARK [2][-]{subsection.3.3.2}{\376\377\000C\000o\000m\000p\000o\000s\000i\000t\000e\000\040\000f\000e\000r\000m\000i\000o\000n\000\040\000s\000u\000b\000s\000t\000i\000t\000u\000t\000i\000o\000n}{section.3.3}% 24
\BOOKMARK [2][-]{subsection.3.3.3}{\376\377\000G\000a\000u\000g\000e\000\040\000r\000e\000d\000u\000n\000d\000a\000n\000c\000y\000\040\000a\000n\000d\000\040\000p\000r\000o\000j\000e\000c\000t\000i\000v\000e\000\040\000s\000y\000m\000m\000e\000t\000r\000i\000e\000s}{section.3.3}% 25
\BOOKMARK [2][-]{subsection.3.3.4}{\376\377\000H\000a\000r\000t\000r\000e\000e\000-\000F\000o\000c\000k\000\040\000a\000n\000d\000\040\000t\000i\000m\000e\000-\000d\000e\000p\000e\000n\000d\000e\000n\000t\000\040\000H\000a\000r\000t\000r\000e\000e\000-\000F\000o\000c\000k}{section.3.3}% 26
\BOOKMARK [2][-]{subsection.3.3.5}{\376\377\000P\000r\000o\000j\000e\000c\000t\000i\000o\000n\000\040\000t\000o\000\040\000p\000h\000y\000s\000i\000c\000a\000l\000\040\000s\000t\000a\000t\000e\000s\000:\000\040\000H\000y\000p\000e\000r\000d\000e\000t\000e\000r\000m\000i\000n\000a\000n\000t}{section.3.3}% 27
\BOOKMARK [2][-]{subsection.3.3.6}{\376\377\000C\000o\000n\000n\000e\000c\000t\000i\000o\000n\000s\000\040\000w\000i\000t\000h\000\040\000J\000a\000i\000n\000'\000s\000\040\000w\000a\000v\000e\000f\000u\000n\000c\000t\000i\000o\000n\000s}{section.3.3}% 28
\BOOKMARK [2][-]{subsection.3.3.7}{\376\377\000C\000o\000n\000n\000e\000c\000t\000i\000o\000n\000s\000\040\000w\000i\000t\000h\000\040\000p\000a\000r\000t\000o\000n\000\040\000s\000t\000a\000t\000e\000s\000\040\000f\000o\000r\000\040\000F\000C\000I\000\040\000s\000y\000s\000t\000e\000m\000s}{section.3.3}% 29
\BOOKMARK [1][-]{section.3.4}{\376\377\000B\000e\000n\000c\000h\000m\000a\000r\000k\000\040\000r\000e\000s\000u\000l\000t\000s}{chapter.3}% 30
\BOOKMARK [2][-]{subsection.3.4.1}{\376\377\000M\000o\000d\000e\000l\000s}{section.3.4}% 31
\BOOKMARK [3][-]{subsubsection.3.4.1.1}{\376\377\000M\000i\000x\000e\000d\000\040\000L\000a\000n\000d\000a\000u\000\040\000l\000e\000v\000e\000l\000\040\000\050\000M\000L\000L\000\051\000\040\000m\000o\000d\000e\000l}{subsection.3.4.1}% 32
\BOOKMARK [3][-]{subsubsection.3.4.1.2}{\376\377\000T\000M\000D\000\040\000m\000o\000i\000r\000\351\000\040\000\050\000t\000M\000o\000T\000e\0002\000\051\000\040\000m\000o\000d\000e\000l}{subsection.3.4.1}% 33
\BOOKMARK [2][-]{subsection.3.4.2}{\376\377\000E\000x\000a\000c\000t\000\040\000d\000i\000a\000g\000o\000n\000a\000l\000i\000z\000a\000t\000i\000o\000n\000,\000\040\000H\000a\000r\000t\000r\000e\000e\000-\000F\000o\000c\000k\000\040\000a\000n\000d\000\040\000t\000i\000m\000e\000-\000d\000e\000p\000e\000n\000d\000e\000n\000t\000\040\000H\000a\000r\000t\000r\000e\000e\000-\000F\000o\000c\000k}{section.3.4}% 34
\BOOKMARK [3][-]{subsubsection.3.4.2.1}{\376\377\000C\000F\000\040\000m\000e\000a\000n\000-\000f\000i\000e\000l\000d\000\040\000g\000r\000o\000u\000n\000d\000\040\000s\000t\000a\000t\000e\000s}{subsection.3.4.2}% 35
\BOOKMARK [3][-]{subsubsection.3.4.2.2}{\376\377\000O\000v\000e\000r\000l\000a\000p\000\040\000b\000e\000t\000w\000e\000e\000n\000\040\000p\000r\000o\000j\000e\000c\000t\000e\000d\000\040\000w\000a\000v\000e\000f\000u\000n\000c\000t\000i\000o\000n\000s\000\040\000a\000n\000d\000\040\000E\000D\000\040\000g\000r\000o\000u\000n\000d\000\040\000s\000t\000a\000t\000e\000s}{subsection.3.4.2}% 36
\BOOKMARK [3][-]{subsubsection.3.4.2.3}{\376\377\000M\000a\000g\000n\000e\000t\000o\000r\000o\000t\000o\000n\000\040\000s\000p\000e\000c\000t\000r\000a\000\040\000a\000n\000d\000\040\000q\000u\000a\000n\000t\000u\000m\000\040\000n\000u\000m\000b\000e\000r\000s}{subsection.3.4.2}% 37
\BOOKMARK [1][-]{section.3.5}{\376\377\000D\000i\000s\000c\000u\000s\000s\000i\000o\000n\000\040\000a\000n\000d\000\040\000C\000o\000n\000c\000l\000u\000s\000i\000o\000n\000s}{chapter.3}% 38
\BOOKMARK [1][-]{section.1.3.A}{\376\377\000T\000h\000e\000\040\000r\000o\000t\000a\000t\000i\000o\000n\000\040\000t\000r\000a\000n\000s\000f\000o\000r\000m\000a\000t\000i\000o\000n\000s\000\040\000o\000f\000\040\000L\000L\000L\000\040\000b\000l\000o\000c\000h\000\040\000s\000t\000a\000t\000e\000s\000\040\000a\000n\000d\000\040\000t\000h\000e\000\040\000C\000B\000-\000L\000L\000L\000\040\000m\000a\000p\000p\000i\000n\000g}{chapter.3}% 39
\BOOKMARK [1][-]{section.1.3.B}{\376\377\000C\000o\000m\000p\000o\000s\000i\000t\000e\000\040\000f\000e\000r\000m\000i\000o\000n\000\040\000s\000u\000b\000s\000t\000i\000t\000u\000t\000i\000o\000n\000\040\000f\000o\000r\000\040\000t\000h\000e\000\040\000c\000a\000s\000e\000\040\000o\000f\000\040\000=\0001\0002\000s\000\040\000c\000o\000m\000p\000o\000s\000i\000t\000e\000\040\000F\000e\000r\000m\000i\000\040\000l\000i\000q\000u\000i\000d}{chapter.3}% 40
\BOOKMARK [1][-]{section.1.3.C}{\376\377\000D\000e\000n\000s\000i\000t\000y\000\040\000o\000p\000e\000r\000a\000t\000o\000r\000\040\000e\000x\000p\000e\000c\000t\000a\000t\000i\000o\000n\000\040\000v\000a\000l\000u\000e\000s\000\040\000i\000n\000\040\000L\000a\000u\000g\000h\000l\000i\000n\000\040\000s\000t\000a\000t\000e\000s\000\040\000o\000n\000\040\000t\000h\000e\000\040\000t\000o\000r\000u\000s}{chapter.3}% 41
\BOOKMARK [1][-]{section.1.3.D}{\376\377\000T\000i\000m\000e\000-\000d\000e\000p\000e\000n\000d\000e\000n\000t\000\040\000H\000a\000r\000t\000r\000e\000e\000-\000F\000o\000c\000k\000\040\000a\000p\000p\000r\000o\000x\000i\000m\000a\000t\000i\000o\000n\000\040\000i\000n\000\040\000t\000h\000e\000\040\000p\000r\000e\000s\000e\000n\000c\000e\000\040\000o\000f\000\040\000c\000o\000n\000s\000t\000r\000a\000i\000n\000t\000s}{chapter.3}% 42
\BOOKMARK [1][-]{section.1.3.E}{\376\377\000D\000e\000r\000i\000v\000a\000t\000i\000o\000n\000\040\000o\000f\000\040\000E\000q\000.\000\050\0003\000.\0009\0003\000\051\000\040\000a\000n\000d\000\040\000E\000q\000.\000\050\0003\000.\0009\0008\000\051}{chapter.3}% 43
\BOOKMARK [1][-]{section.1.3.F}{\376\377\000C\000o\000n\000t\000i\000n\000u\000o\000u\000s\000\040\000c\000o\000h\000e\000r\000e\000n\000t\000\040\000s\000t\000a\000t\000e\000\040\000a\000n\000d\000\040\000t\000h\000e\000\040\000p\000r\000o\000j\000e\000c\000t\000i\000v\000e\000\040\000c\000o\000n\000s\000t\000r\000u\000c\000t\000i\000o\000n\000\040\000f\000o\000r\000\040\000L\000a\000u\000g\000h\000l\000i\000n\000'\000s\000\040\000s\000t\000a\000t\000e\000s\000\040\000o\000n\000\040\000t\000h\000e\000\040\000t\000o\000r\000u\000s}{chapter.3}% 44
\BOOKMARK [1][-]{section.1.3.G}{\376\377\000E\000x\000t\000e\000n\000d\000e\000d\000\040\000D\000a\000t\000a}{chapter.3}% 45
\BOOKMARK [0][-]{appendix.4}{\376\377\000S\000u\000p\000e\000r\000c\000u\000r\000r\000e\000n\000t\000-\000i\000n\000d\000u\000c\000e\000d\000\040\000A\000n\000o\000m\000a\000l\000o\000u\000s\000\040\000T\000h\000e\000r\000m\000a\000l\000\040\000H\000a\000l\000l\000\040\000E\000f\000f\000e\000c\000t\000\040\000a\000s\000\040\000a\000\040\000N\000e\000w\000\040\000P\000r\000o\000b\000e\000\040\000t\000o\000\040\000S\000u\000p\000e\000r\000c\000o\000n\000d\000u\000c\000t\000i\000n\000g\000\040\000G\000a\000p\000\040\000A\000n\000i\000s\000o\000t\000r\000o\000p\000y}{}% 46
\BOOKMARK [1][-]{section.4.1}{\376\377\000I\000n\000t\000r\000o\000d\000u\000c\000t\000i\000o\000n}{appendix.4}% 47
\BOOKMARK [1][-]{section.4.2}{\376\377\000M\000a\000i\000n\000\040\000R\000e\000s\000u\000l\000t\000s}{appendix.4}% 48
\BOOKMARK [1][-]{section.4.3}{\376\377\000T\000h\000e\000\040\000\040\000o\000p\000e\000r\000a\000t\000o\000r\000\040\000a\000n\000d\000\040\000D\000o\000p\000p\000l\000e\000r\000\040\000s\000h\000i\000f\000t}{appendix.4}% 49
\BOOKMARK [1][-]{section.4.4}{\376\377\000D\000e\000r\000i\000v\000a\000t\000i\000o\000n\000\040\000o\000f\000\040\000E\000q\000.\000\040\000\050\0004\000.\0001\000\051}{appendix.4}% 50
\BOOKMARK [1][-]{section.4.5}{\376\377\000I\000n\000t\000e\000r\000b\000a\000n\000d\000\040\000p\000a\000i\000r\000i\000n\000g\000\040\000a\000n\000d\000\040\000n\000o\000d\000a\000l\000\040\000s\000u\000p\000e\000r\000c\000o\000n\000d\000u\000c\000t\000i\000v\000i\000t\000y}{appendix.4}% 51
\BOOKMARK [1][-]{section.4.6}{\376\377\000A\000p\000p\000l\000i\000c\000a\000t\000i\000o\000n\000s\000\040\000t\000o\000\040\000F\000e\000S\000e\000\040\000a\000n\000d\000\040\000c\000u\000p\000r\000a\000t\000e\000s}{appendix.4}% 52
\BOOKMARK [1][-]{section.4.7}{\376\377\000C\000o\000n\000c\000l\000u\000s\000i\000o\000n\000\040\000a\000n\000d\000\040\000D\000i\000s\000c\000u\000s\000s\000i\000o\000n}{appendix.4}% 53
\BOOKMARK [1][-]{section.2.4.A}{\376\377\000T\000h\000e\000\040\000D\000o\000p\000p\000l\000e\000r\000\040\000s\000h\000i\000f\000t\000\040\000a\000n\000d\000\040\000t\000h\000e\000\040\000g\000a\000u\000g\000e\000\040\000t\000r\000a\000n\000s\000f\000o\000r\000m\000a\000t\000i\000o\000n\000\040\000d\000u\000e\000\040\000t\000o\000\040\000t\000h\000e\000\040\000s\000u\000p\000e\000r\000c\000u\000r\000r\000e\000n\000t}{appendix.4}% 54
\BOOKMARK [1][-]{section.2.4.B}{\376\377\000D\000e\000t\000a\000i\000l\000s\000\040\000o\000n\000\040\000t\000h\000e\000\040\000D\000e\000r\000i\000v\000a\000t\000i\000o\000n\000\040\000o\000f\000\040\000t\000h\000e\000\040\000M\000a\000i\000n\000\040\000R\000e\000s\000u\000l\000t}{appendix.4}% 55
\BOOKMARK [2][-]{subsection.2.4.B.1}{\376\377\000S\000u\000p\000e\000r\000c\000u\000r\000r\000e\000n\000t\000-\000i\000n\000d\000c\000u\000e\000d\000\040\000B\000e\000r\000r\000y\000\040\000C\000u\000r\000v\000a\000t\000u\000r\000e\000\040\000f\000o\000r\000\040\000I\000n\000t\000r\000a\000b\000a\000n\000d\000\040\000P\000a\000i\000r\000i\000n\000g}{section.2.4.B}% 56
\BOOKMARK [2][-]{subsection.2.4.B.2}{\376\377\000F\000e\000r\000m\000i\000\040\000S\000u\000r\000f\000a\000c\000e\000\040\000I\000n\000t\000e\000g\000r\000a\000l}{section.2.4.B}% 57
\BOOKMARK [1][-]{section.2.4.C}{\376\377\000S\000u\000p\000e\000r\000c\000u\000r\000r\000e\000n\000t\000-\000i\000n\000d\000c\000u\000e\000d\000\040\000B\000e\000r\000r\000y\000\040\000C\000u\000r\000v\000a\000t\000u\000r\000e\000\040\000f\000o\000r\000\040\000I\000n\000t\000e\000r\000b\000a\000n\000d\000\040\000P\000a\000i\000r\000i\000n\000g}{appendix.4}% 58
\BOOKMARK [1][-]{section.2.4.D}{\376\377\000F\000e\000r\000m\000i\000\040\000S\000u\000r\000f\000a\000c\000e\000\040\000R\000e\000c\000o\000n\000s\000t\000r\000u\000c\000t\000i\000o\000n\000\040\000f\000o\000r\000\040\000T\000w\000i\000s\000t\000e\000d\000\040\000B\000i\000l\000a\000y\000e\000r\000\040\000F\000e\000S\000e}{appendix.4}% 59
\BOOKMARK [0][-]{appendix.5}{\376\377\000E\000n\000g\000i\000n\000e\000e\000r\000i\000n\000g\000\040\000C\000h\000i\000r\000a\000l\000\040\000T\000o\000p\000o\000l\000o\000g\000i\000c\000a\000l\000\040\000S\000u\000p\000e\000r\000c\000o\000n\000d\000u\000c\000t\000i\000v\000i\000t\000y\000\040\000i\000n\000\040\000T\000w\000i\000s\000t\000e\000d\000\040\000I\000s\000i\000n\000g\000\040\000S\000u\000p\000e\000r\000c\000o\000n\000d\000u\000c\000t\000o\000r\000s}{}% 60
\BOOKMARK [1][-]{section.5.1}{\376\377\000I\000n\000t\000r\000o\000d\000u\000c\000t\000i\000o\000n}{appendix.5}% 61
\BOOKMARK [1][-]{section.5.2}{\376\377\000M\000a\000i\000n\000\040\000r\000e\000s\000u\000l\000t\000s}{appendix.5}% 62
\BOOKMARK [1][-]{section.5.3}{\376\377\000M\000o\000d\000e\000l}{appendix.5}% 63
\BOOKMARK [1][-]{section.5.4}{\376\377\000D\000i\000s\000c\000u\000s\000s\000i\000o\000n\000\040\000a\000n\000d\000\040\000c\000o\000n\000c\000l\000u\000s\000i\000o\000n\000s}{appendix.5}% 64
\BOOKMARK [1][-]{section.3.5.A}{\376\377\000D\000o\000m\000a\000i\000n\000-\000w\000a\000l\000l\000\040\000c\000h\000i\000r\000a\000l\000\040\000m\000o\000d\000e\000s}{appendix.5}% 65
\BOOKMARK [1][-]{section.3.5.B}{\376\377\000A\000\040\000m\000e\000a\000n\000-\000f\000i\000e\000l\000d\000\040\000t\000r\000e\000a\000t\000m\000e\000n\000t\000\040\000f\000o\000r\000\040\000t\000h\000e\000\040\000f\000e\000r\000r\000o\000m\000a\000g\000n\000e\000t\000i\000c\000\040\000b\000u\000f\000f\000e\000r\000\040\000l\000a\000y\000e\000r}{appendix.5}% 66
\BOOKMARK [1][-]{section.3.5.C}{\376\377\000D\000e\000t\000a\000i\000l\000s\000\040\000o\000f\000\040\000t\000h\000e\000\040\000p\000h\000a\000s\000e\000\040\000d\000i\000a\000g\000r\000a\000m\000\040\000c\000a\000l\000c\000u\000l\000a\000t\000i\000o\000n\000s\000\040\000a\000n\000d\000\040\000d\000i\000s\000c\000u\000s\000s\000i\000o\000n\000s\000\040\000o\000n\000\040\000t\000h\000e\000\040\000s\000t\000a\000c\000k\000i\000n\000g\000-\000d\000e\000p\000e\000n\000d\000e\000n\000c\000e}{appendix.5}% 67
\BOOKMARK [1][-]{section.3.5.D}{\376\377\000D\000e\000t\000a\000i\000l\000s\000\040\000o\000f\000\040\000a\000n\000a\000l\000y\000t\000i\000c\000a\000l\000\040\000p\000e\000r\000t\000u\000r\000b\000a\000t\000i\000v\000e\000\040\000c\000a\000l\000c\000u\000l\000a\000t\000i\000o\000n\000s}{appendix.5}% 68
\BOOKMARK [2][-]{subsection.3.5.D.1}{\376\377\000P\000e\000r\000t\000u\000r\000b\000a\000t\000i\000v\000e\000\040\000t\000h\000e\000o\000r\000y\000\040\000f\000o\000r\000\040\000\050\000v\000I\000s\000i\000n\000g\000k\000F\000\051\0002\000+\0004\000t\0002\000:\000\040\000C\000=\0001\0002\000\040\000T\000o\000p\000o\000l\000o\000g\000i\000c\000a\000l\000\040\000P\000h\000a\000s\000e\000s}{section.3.5.D}% 69
\BOOKMARK [3][-]{subsubsection.3.5.D.1.1}{\376\377\000C\000o\000n\000s\000t\000r\000u\000c\000t\000i\000o\000n\000\040\000o\000f\000\040\000H\000a\000m\000i\000l\000t\000o\000n\000i\000a\000n}{subsection.3.5.D.1}% 70
\BOOKMARK [3][-]{subsubsection.3.5.D.1.2}{\376\377\000L\000o\000w\000-\000e\000n\000e\000r\000g\000y\000\040\000E\000f\000f\000e\000c\000t\000i\000v\000e\000\040\000T\000h\000e\000o\000r\000y\000\040\000i\000n\000\040\000N\000a\000m\000b\000u\000\040\000S\000p\000a\000c\000e}{subsection.3.5.D.1}% 71
\BOOKMARK [3][-]{subsubsection.3.5.D.1.3}{\376\377\000T\000o\000p\000o\000l\000o\000g\000i\000c\000a\000l\000\040\000N\000o\000d\000e\000s\000\040\000C\000\040\000a\000n\000d\000\040\000D}{subsection.3.5.D.1}% 72
\BOOKMARK [3][-]{subsubsection.3.5.D.1.4}{\376\377\000T\000r\000i\000v\000i\000a\000l\000\040\000N\000o\000d\000e\000s\000\040\000F\000\040\000a\000n\000d\000\040\000G}{subsection.3.5.D.1}% 73
\BOOKMARK [2][-]{subsection.3.5.D.2}{\376\377\000A\000\040\000d\000i\000f\000f\000e\000r\000e\000n\000t\000\040\000p\000e\000r\000t\000u\000r\000b\000a\000t\000i\000v\000e\000\040\000r\000e\000g\000i\000m\000e\000:\000\040\000C\000=\0006\000\040\000T\000o\000p\000o\000l\000o\000g\000i\000c\000a\000l\000\040\000P\000h\000a\000s\000e\000s}{section.3.5.D}% 74
\BOOKMARK [1][-]{section.3.5.E}{\376\377\000T\000w\000o\000-\000c\000e\000n\000t\000e\000r\000\040\000a\000p\000p\000r\000o\000x\000i\000m\000a\000t\000i\000o\000n}{appendix.5}% 75
\BOOKMARK [0][-]{equation.3.5.E.56}{\376\377\000B\000i\000b\000l\000i\000o\000g\000r\000a\000p\000h\000y}{}% 76
